2016/09/12 18:42:39 [error] [exception.CHttpException.404] exception 'CHttpException' with message 'Unable to resolve the request "site/login".' in C:\xampp\htdocs\framework\web\CWebApplication.php:286
Stack trace:
#0 C:\xampp\htdocs\framework\web\CWebApplication.php(141): CWebApplication->runController('site/login')
#1 C:\xampp\htdocs\framework\base\CApplication.php(185): CWebApplication->processRequest()
#2 C:\xampp\htdocs\notice\index.php(13): CApplication->run()
#3 {main}
REQUEST_URI=/notice/index.php?r=site/login
HTTP_REFERER=http://localhost/notice/index.php?r=site/contact
---
2016/09/12 18:42:42 [error] [exception.CHttpException.404] exception 'CHttpException' with message 'Unable to resolve the request "site".' in C:\xampp\htdocs\framework\web\CWebApplication.php:286
Stack trace:
#0 C:\xampp\htdocs\framework\web\CWebApplication.php(141): CWebApplication->runController('')
#1 C:\xampp\htdocs\framework\base\CApplication.php(185): CWebApplication->processRequest()
#2 C:\xampp\htdocs\notice\index.php(13): CApplication->run()
#3 {main}
REQUEST_URI=/notice/
---
2016/09/12 19:07:02 [error] [php] include(Controller.php): failed to open stream: No such file or directory (C:\xampp\htdocs\framework\YiiBase.php:432)
Stack trace:
#0 C:\xampp\htdocs\notice\protected\controllers\SiteController.php(3): spl_autoload_call()
#1 C:\xampp\htdocs\framework\web\CWebApplication.php(354): require()
#2 C:\xampp\htdocs\framework\web\CWebApplication.php(276): CWebApplication->createController()
#3 C:\xampp\htdocs\framework\web\CWebApplication.php(141): CWebApplication->runController()
#4 C:\xampp\htdocs\framework\base\CApplication.php(185): CWebApplication->processRequest()
#5 C:\xampp\htdocs\notice\index.php(13): CWebApplication->run()
REQUEST_URI=/notice/
in C:\xampp\htdocs\notice\protected\controllers\SiteController.php (3)
in C:\xampp\htdocs\notice\index.php (13)
2016/09/12 19:13:12 [error] [php] include(Controller.php): failed to open stream: No such file or directory (C:\xampp\htdocs\framework\YiiBase.php:432)
Stack trace:
#0 C:\xampp\htdocs\notice\protected\controllers\SiteController.php(3): spl_autoload_call()
#1 C:\xampp\htdocs\framework\web\CWebApplication.php(354): require()
#2 C:\xampp\htdocs\framework\web\CWebApplication.php(276): CWebApplication->createController()
#3 C:\xampp\htdocs\framework\web\CWebApplication.php(141): CWebApplication->runController()
#4 C:\xampp\htdocs\framework\base\CApplication.php(185): CWebApplication->processRequest()
#5 C:\xampp\htdocs\notice\index.php(13): CWebApplication->run()
REQUEST_URI=/notice/
in C:\xampp\htdocs\notice\protected\controllers\SiteController.php (3)
in C:\xampp\htdocs\notice\index.php (13)
2016/09/12 19:15:46 [error] [php] include(Controller.php): failed to open stream: No such file or directory (C:\xampp\htdocs\framework\YiiBase.php:432)
Stack trace:
#0 C:\xampp\htdocs\notice\protected\controllers\SiteController.php(3): spl_autoload_call()
#1 C:\xampp\htdocs\framework\web\CWebApplication.php(354): require()
#2 C:\xampp\htdocs\framework\web\CWebApplication.php(276): CWebApplication->createController()
#3 C:\xampp\htdocs\framework\web\CWebApplication.php(141): CWebApplication->runController()
#4 C:\xampp\htdocs\framework\base\CApplication.php(185): CWebApplication->processRequest()
#5 C:\xampp\htdocs\notice\index.php(13): CWebApplication->run()
REQUEST_URI=/notice/
in C:\xampp\htdocs\notice\protected\controllers\SiteController.php (3)
in C:\xampp\htdocs\notice\index.php (13)
2016/09/12 19:15:47 [error] [php] include(Controller.php): failed to open stream: No such file or directory (C:\xampp\htdocs\framework\YiiBase.php:432)
Stack trace:
#0 C:\xampp\htdocs\notice\protected\controllers\SiteController.php(3): spl_autoload_call()
#1 C:\xampp\htdocs\framework\web\CWebApplication.php(354): require()
#2 C:\xampp\htdocs\framework\web\CWebApplication.php(276): CWebApplication->createController()
#3 C:\xampp\htdocs\framework\web\CWebApplication.php(141): CWebApplication->runController()
#4 C:\xampp\htdocs\framework\base\CApplication.php(185): CWebApplication->processRequest()
#5 C:\xampp\htdocs\notice\index.php(13): CWebApplication->run()
REQUEST_URI=/notice/
in C:\xampp\htdocs\notice\protected\controllers\SiteController.php (3)
in C:\xampp\htdocs\notice\index.php (13)
2016/09/12 19:15:47 [error] [php] include(Controller.php): failed to open stream: No such file or directory (C:\xampp\htdocs\framework\YiiBase.php:432)
Stack trace:
#0 C:\xampp\htdocs\notice\protected\controllers\SiteController.php(3): spl_autoload_call()
#1 C:\xampp\htdocs\framework\web\CWebApplication.php(354): require()
#2 C:\xampp\htdocs\framework\web\CWebApplication.php(276): CWebApplication->createController()
#3 C:\xampp\htdocs\framework\web\CWebApplication.php(141): CWebApplication->runController()
#4 C:\xampp\htdocs\framework\base\CApplication.php(185): CWebApplication->processRequest()
#5 C:\xampp\htdocs\notice\index.php(13): CWebApplication->run()
REQUEST_URI=/notice/
in C:\xampp\htdocs\notice\protected\controllers\SiteController.php (3)
in C:\xampp\htdocs\notice\index.php (13)
2016/09/12 19:15:47 [error] [php] include(Controller.php): failed to open stream: No such file or directory (C:\xampp\htdocs\framework\YiiBase.php:432)
Stack trace:
#0 C:\xampp\htdocs\notice\protected\controllers\SiteController.php(3): spl_autoload_call()
#1 C:\xampp\htdocs\framework\web\CWebApplication.php(354): require()
#2 C:\xampp\htdocs\framework\web\CWebApplication.php(276): CWebApplication->createController()
#3 C:\xampp\htdocs\framework\web\CWebApplication.php(141): CWebApplication->runController()
#4 C:\xampp\htdocs\framework\base\CApplication.php(185): CWebApplication->processRequest()
#5 C:\xampp\htdocs\notice\index.php(13): CWebApplication->run()
REQUEST_URI=/notice/
in C:\xampp\htdocs\notice\protected\controllers\SiteController.php (3)
in C:\xampp\htdocs\notice\index.php (13)
2016/09/12 19:16:21 [error] [php] include(Controller.php): failed to open stream: No such file or directory (C:\xampp\htdocs\framework\YiiBase.php:432)
Stack trace:
#0 C:\xampp\htdocs\notice\protected\controllers\SiteController.php(3): spl_autoload_call()
#1 C:\xampp\htdocs\framework\web\CWebApplication.php(354): require()
#2 C:\xampp\htdocs\framework\web\CWebApplication.php(276): CWebApplication->createController()
#3 C:\xampp\htdocs\framework\web\CWebApplication.php(141): CWebApplication->runController()
#4 C:\xampp\htdocs\framework\base\CApplication.php(185): CWebApplication->processRequest()
#5 C:\xampp\htdocs\notice\index.php(13): CWebApplication->run()
REQUEST_URI=/notice/
in C:\xampp\htdocs\notice\protected\controllers\SiteController.php (3)
in C:\xampp\htdocs\notice\index.php (13)
2016/09/12 19:37:41 [error] [exception.CException] exception 'CException' with message 'Property "CWebUser.is_guest" is not defined.' in C:\xampp\htdocs\framework\base\CComponent.php:130
Stack trace:
#0 C:\xampp\htdocs\framework\web\auth\CWebUser.php(146): CComponent->__get('is_guest')
#1 C:\xampp\htdocs\notice\protected\controllers\SiteController.php(6): CWebUser->__get('is_guest')
#2 C:\xampp\htdocs\framework\web\actions\CInlineAction.php(49): SiteController->actionIndex()
#3 C:\xampp\htdocs\framework\web\CController.php(308): CInlineAction->runWithParams(Array)
#4 C:\xampp\htdocs\framework\web\CController.php(286): CController->runAction(Object(CInlineAction))
#5 C:\xampp\htdocs\framework\web\CController.php(265): CController->runActionWithFilters(Object(CInlineAction), Array)
#6 C:\xampp\htdocs\framework\web\CWebApplication.php(282): CController->run('')
#7 C:\xampp\htdocs\framework\web\CWebApplication.php(141): CWebApplication->runController('')
#8 C:\xampp\htdocs\framework\base\CApplication.php(185): CWebApplication->processRequest()
#9 C:\xampp\htdocs\notice\index.php(13): CApplication->run()
#10 {main}
REQUEST_URI=/notice/
---
2016/09/12 19:38:14 [error] [exception.CException] exception 'CException' with message 'Property "CWebUser.is_guest" is not defined.' in C:\xampp\htdocs\framework\base\CComponent.php:130
Stack trace:
#0 C:\xampp\htdocs\framework\web\auth\CWebUser.php(146): CComponent->__get('is_guest')
#1 C:\xampp\htdocs\notice\protected\controllers\SiteController.php(6): CWebUser->__get('is_guest')
#2 C:\xampp\htdocs\framework\web\actions\CInlineAction.php(49): SiteController->actionIndex()
#3 C:\xampp\htdocs\framework\web\CController.php(308): CInlineAction->runWithParams(Array)
#4 C:\xampp\htdocs\framework\web\CController.php(286): CController->runAction(Object(CInlineAction))
#5 C:\xampp\htdocs\framework\web\CController.php(265): CController->runActionWithFilters(Object(CInlineAction), Array)
#6 C:\xampp\htdocs\framework\web\CWebApplication.php(282): CController->run('')
#7 C:\xampp\htdocs\framework\web\CWebApplication.php(141): CWebApplication->runController('')
#8 C:\xampp\htdocs\framework\base\CApplication.php(185): CWebApplication->processRequest()
#9 C:\xampp\htdocs\notice\index.php(13): CApplication->run()
#10 {main}
REQUEST_URI=/notice/
---
2016/09/12 19:38:14 [error] [exception.CException] exception 'CException' with message 'Property "CWebUser.is_guest" is not defined.' in C:\xampp\htdocs\framework\base\CComponent.php:130
Stack trace:
#0 C:\xampp\htdocs\framework\web\auth\CWebUser.php(146): CComponent->__get('is_guest')
#1 C:\xampp\htdocs\notice\protected\controllers\SiteController.php(6): CWebUser->__get('is_guest')
#2 C:\xampp\htdocs\framework\web\actions\CInlineAction.php(49): SiteController->actionIndex()
#3 C:\xampp\htdocs\framework\web\CController.php(308): CInlineAction->runWithParams(Array)
#4 C:\xampp\htdocs\framework\web\CController.php(286): CController->runAction(Object(CInlineAction))
#5 C:\xampp\htdocs\framework\web\CController.php(265): CController->runActionWithFilters(Object(CInlineAction), Array)
#6 C:\xampp\htdocs\framework\web\CWebApplication.php(282): CController->run('')
#7 C:\xampp\htdocs\framework\web\CWebApplication.php(141): CWebApplication->runController('')
#8 C:\xampp\htdocs\framework\base\CApplication.php(185): CWebApplication->processRequest()
#9 C:\xampp\htdocs\notice\index.php(13): CApplication->run()
#10 {main}
REQUEST_URI=/notice/
---
2016/09/12 19:41:09 [error] [exception.CException] exception 'CException' with message 'Property "CWebUser.is_guest" is not defined.' in C:\xampp\htdocs\framework\base\CComponent.php:130
Stack trace:
#0 C:\xampp\htdocs\framework\web\auth\CWebUser.php(146): CComponent->__get('is_guest')
#1 C:\xampp\htdocs\notice\protected\controllers\SiteController.php(6): CWebUser->__get('is_guest')
#2 C:\xampp\htdocs\framework\web\actions\CInlineAction.php(49): SiteController->actionIndex()
#3 C:\xampp\htdocs\framework\web\CController.php(308): CInlineAction->runWithParams(Array)
#4 C:\xampp\htdocs\framework\web\CController.php(286): CController->runAction(Object(CInlineAction))
#5 C:\xampp\htdocs\framework\web\CController.php(265): CController->runActionWithFilters(Object(CInlineAction), Array)
#6 C:\xampp\htdocs\framework\web\CWebApplication.php(282): CController->run('')
#7 C:\xampp\htdocs\framework\web\CWebApplication.php(141): CWebApplication->runController('')
#8 C:\xampp\htdocs\framework\base\CApplication.php(185): CWebApplication->processRequest()
#9 C:\xampp\htdocs\notice\index.php(13): CApplication->run()
#10 {main}
REQUEST_URI=/notice/
---
2016/09/12 19:41:10 [error] [exception.CException] exception 'CException' with message 'Property "CWebUser.is_guest" is not defined.' in C:\xampp\htdocs\framework\base\CComponent.php:130
Stack trace:
#0 C:\xampp\htdocs\framework\web\auth\CWebUser.php(146): CComponent->__get('is_guest')
#1 C:\xampp\htdocs\notice\protected\controllers\SiteController.php(6): CWebUser->__get('is_guest')
#2 C:\xampp\htdocs\framework\web\actions\CInlineAction.php(49): SiteController->actionIndex()
#3 C:\xampp\htdocs\framework\web\CController.php(308): CInlineAction->runWithParams(Array)
#4 C:\xampp\htdocs\framework\web\CController.php(286): CController->runAction(Object(CInlineAction))
#5 C:\xampp\htdocs\framework\web\CController.php(265): CController->runActionWithFilters(Object(CInlineAction), Array)
#6 C:\xampp\htdocs\framework\web\CWebApplication.php(282): CController->run('')
#7 C:\xampp\htdocs\framework\web\CWebApplication.php(141): CWebApplication->runController('')
#8 C:\xampp\htdocs\framework\base\CApplication.php(185): CWebApplication->processRequest()
#9 C:\xampp\htdocs\notice\index.php(13): CApplication->run()
#10 {main}
REQUEST_URI=/notice/
---
2016/09/12 19:41:10 [error] [exception.CException] exception 'CException' with message 'Property "CWebUser.is_guest" is not defined.' in C:\xampp\htdocs\framework\base\CComponent.php:130
Stack trace:
#0 C:\xampp\htdocs\framework\web\auth\CWebUser.php(146): CComponent->__get('is_guest')
#1 C:\xampp\htdocs\notice\protected\controllers\SiteController.php(6): CWebUser->__get('is_guest')
#2 C:\xampp\htdocs\framework\web\actions\CInlineAction.php(49): SiteController->actionIndex()
#3 C:\xampp\htdocs\framework\web\CController.php(308): CInlineAction->runWithParams(Array)
#4 C:\xampp\htdocs\framework\web\CController.php(286): CController->runAction(Object(CInlineAction))
#5 C:\xampp\htdocs\framework\web\CController.php(265): CController->runActionWithFilters(Object(CInlineAction), Array)
#6 C:\xampp\htdocs\framework\web\CWebApplication.php(282): CController->run('')
#7 C:\xampp\htdocs\framework\web\CWebApplication.php(141): CWebApplication->runController('')
#8 C:\xampp\htdocs\framework\base\CApplication.php(185): CWebApplication->processRequest()
#9 C:\xampp\htdocs\notice\index.php(13): CApplication->run()
#10 {main}
REQUEST_URI=/notice/
---
2016/09/12 19:41:53 [error] [exception.CException] exception 'CException' with message 'Property "CWebUser.is_guest" is not defined.' in C:\xampp\htdocs\framework\base\CComponent.php:130
Stack trace:
#0 C:\xampp\htdocs\framework\web\auth\CWebUser.php(146): CComponent->__get('is_guest')
#1 C:\xampp\htdocs\notice\protected\controllers\SiteController.php(6): CWebUser->__get('is_guest')
#2 C:\xampp\htdocs\framework\web\actions\CInlineAction.php(49): SiteController->actionIndex()
#3 C:\xampp\htdocs\framework\web\CController.php(308): CInlineAction->runWithParams(Array)
#4 C:\xampp\htdocs\framework\web\CController.php(286): CController->runAction(Object(CInlineAction))
#5 C:\xampp\htdocs\framework\web\CController.php(265): CController->runActionWithFilters(Object(CInlineAction), Array)
#6 C:\xampp\htdocs\framework\web\CWebApplication.php(282): CController->run('')
#7 C:\xampp\htdocs\framework\web\CWebApplication.php(141): CWebApplication->runController('')
#8 C:\xampp\htdocs\framework\base\CApplication.php(185): CWebApplication->processRequest()
#9 C:\xampp\htdocs\notice\index.php(13): CApplication->run()
#10 {main}
REQUEST_URI=/notice/
---
2016/09/12 20:15:58 [error] [php] Undefined index: auth (C:\xampp\htdocs\notice\protected\controllers\SiteController.php:15)
Stack trace:
#0 C:\xampp\htdocs\framework\web\CController.php(286): SiteController->runAction()
#1 C:\xampp\htdocs\framework\web\CController.php(265): SiteController->runActionWithFilters()
#2 C:\xampp\htdocs\framework\web\CWebApplication.php(282): SiteController->run()
#3 C:\xampp\htdocs\framework\web\CWebApplication.php(141): CWebApplication->runController()
#4 C:\xampp\htdocs\framework\base\CApplication.php(185): CWebApplication->processRequest()
#5 C:\xampp\htdocs\notice\index.php(13): CWebApplication->run()
REQUEST_URI=/notice/index.php?r=site/login
in C:\xampp\htdocs\notice\protected\controllers\SiteController.php (15)
in C:\xampp\htdocs\notice\index.php (13)
2016/09/12 20:29:56 [error] [php] Undefined index: auth (C:\xampp\htdocs\notice\protected\controllers\SiteController.php:15)
Stack trace:
#0 C:\xampp\htdocs\framework\web\CController.php(286): SiteController->runAction()
#1 C:\xampp\htdocs\framework\web\CController.php(265): SiteController->runActionWithFilters()
#2 C:\xampp\htdocs\framework\web\CWebApplication.php(282): SiteController->run()
#3 C:\xampp\htdocs\framework\web\CWebApplication.php(141): CWebApplication->runController()
#4 C:\xampp\htdocs\framework\base\CApplication.php(185): CWebApplication->processRequest()
#5 C:\xampp\htdocs\notice\index.php(13): CWebApplication->run()
REQUEST_URI=/notice/index.php?r=site/login
in C:\xampp\htdocs\notice\protected\controllers\SiteController.php (15)
in C:\xampp\htdocs\notice\index.php (13)
2016/09/12 20:32:00 [error] [exception.CException] exception 'CException' with message 'Property "SiteController.login" is not defined.' in C:\xampp\htdocs\framework\base\CComponent.php:130
Stack trace:
#0 C:\xampp\htdocs\notice\protected\controllers\SiteController.php(17): CComponent->__get('login')
#1 C:\xampp\htdocs\framework\web\actions\CInlineAction.php(49): SiteController->actionLogin()
#2 C:\xampp\htdocs\framework\web\CController.php(308): CInlineAction->runWithParams(Array)
#3 C:\xampp\htdocs\framework\web\CController.php(286): CController->runAction(Object(CInlineAction))
#4 C:\xampp\htdocs\framework\web\CController.php(265): CController->runActionWithFilters(Object(CInlineAction), Array)
#5 C:\xampp\htdocs\framework\web\CWebApplication.php(282): CController->run('login')
#6 C:\xampp\htdocs\framework\web\CWebApplication.php(141): CWebApplication->runController('site/login')
#7 C:\xampp\htdocs\framework\base\CApplication.php(185): CWebApplication->processRequest()
#8 C:\xampp\htdocs\notice\index.php(13): CApplication->run()
#9 {main}
REQUEST_URI=/notice/index.php?r=site/login
HTTP_REFERER=http://localhost/notice/index.php?r=site/login
---
2016/09/12 20:33:37 [error] [exception.CDbException] exception 'CDbException' with message 'CDbConnection failed to open the DB connection: SQLSTATE[HY000] [1045] Access denied for user 'notice'@'localhost' (using password: YES)' in C:\xampp\htdocs\framework\db\CDbConnection.php:399
Stack trace:
#0 C:\xampp\htdocs\framework\db\CDbConnection.php(347): CDbConnection->open()
#1 C:\xampp\htdocs\framework\db\CDbConnection.php(325): CDbConnection->setActive(true)
#2 C:\xampp\htdocs\framework\base\CModule.php(394): CDbConnection->init()
#3 C:\xampp\htdocs\framework\base\CApplication.php(459): CModule->getComponent('db')
#4 C:\xampp\htdocs\framework\db\ar\CActiveRecord.php(637): CApplication->getDb()
#5 C:\xampp\htdocs\framework\db\ar\CActiveRecord.php(1433): CActiveRecord->getDbConnection()
#6 C:\xampp\htdocs\framework\db\ar\CActiveRecord.php(1522): CActiveRecord->getTableAlias(true)
#7 C:\xampp\htdocs\notice\protected\components\UserIdentity.php(7): CActiveRecord->findByAttributes(Array)
#8 C:\xampp\htdocs\notice\protected\models\User.php(22): UserIdentity->authenticate()
#9 C:\xampp\htdocs\notice\protected\controllers\SiteController.php(17): User::auth('admin', 'pasdf')
#10 C:\xampp\htdocs\framework\web\actions\CInlineAction.php(49): SiteController->actionLogin()
#11 C:\xampp\htdocs\framework\web\CController.php(308): CInlineAction->runWithParams(Array)
#12 C:\xampp\htdocs\framework\web\CController.php(286): CController->runAction(Object(CInlineAction))
#13 C:\xampp\htdocs\framework\web\CController.php(265): CController->runActionWithFilters(Object(CInlineAction), Array)
#14 C:\xampp\htdocs\framework\web\CWebApplication.php(282): CController->run('login')
#15 C:\xampp\htdocs\framework\web\CWebApplication.php(141): CWebApplication->runController('site/login')
#16 C:\xampp\htdocs\framework\base\CApplication.php(185): CWebApplication->processRequest()
#17 C:\xampp\htdocs\notice\index.php(13): CApplication->run()
#18 {main}
REQUEST_URI=/notice/index.php?r=site/login
HTTP_REFERER=http://localhost/notice/index.php?r=site/login
---
2016/09/12 20:35:50 [error] [system.db.CDbCommand] CDbCommand::fetchAll() failed: SQLSTATE[42S02]: Base table or view not found: 1146 Table 'notice.user' doesn't exist. The SQL statement executed was: SHOW FULL COLUMNS FROM `user`.
in C:\xampp\htdocs\notice\protected\components\UserIdentity.php (7)
in C:\xampp\htdocs\notice\protected\models\User.php (22)
in C:\xampp\htdocs\notice\protected\controllers\SiteController.php (17)
2016/09/12 20:35:50 [error] [exception.CDbException] exception 'CDbException' with message 'The table "{{user}}" for active record class "User" cannot be found in the database.' in C:\xampp\htdocs\framework\db\ar\CActiveRecord.php:2387
Stack trace:
#0 C:\xampp\htdocs\framework\db\ar\CActiveRecord.php(411): CActiveRecordMetaData->__construct(Object(User))
#1 C:\xampp\htdocs\framework\db\ar\CActiveRecord.php(661): CActiveRecord->getMetaData()
#2 C:\xampp\htdocs\framework\db\ar\CActiveRecord.php(1523): CActiveRecord->getTableSchema()
#3 C:\xampp\htdocs\notice\protected\components\UserIdentity.php(7): CActiveRecord->findByAttributes(Array)
#4 C:\xampp\htdocs\notice\protected\models\User.php(22): UserIdentity->authenticate()
#5 C:\xampp\htdocs\notice\protected\controllers\SiteController.php(17): User::auth('admin', 'pasdf')
#6 C:\xampp\htdocs\framework\web\actions\CInlineAction.php(49): SiteController->actionLogin()
#7 C:\xampp\htdocs\framework\web\CController.php(308): CInlineAction->runWithParams(Array)
#8 C:\xampp\htdocs\framework\web\CController.php(286): CController->runAction(Object(CInlineAction))
#9 C:\xampp\htdocs\framework\web\CController.php(265): CController->runActionWithFilters(Object(CInlineAction), Array)
#10 C:\xampp\htdocs\framework\web\CWebApplication.php(282): CController->run('login')
#11 C:\xampp\htdocs\framework\web\CWebApplication.php(141): CWebApplication->runController('site/login')
#12 C:\xampp\htdocs\framework\base\CApplication.php(185): CWebApplication->processRequest()
#13 C:\xampp\htdocs\notice\index.php(13): CApplication->run()
#14 {main}
REQUEST_URI=/notice/index.php?r=site/login
HTTP_REFERER=http://localhost/notice/index.php?r=site/login
---
2016/09/12 20:37:42 [error] [system.db.CDbCommand] CDbCommand::fetchAll() failed: SQLSTATE[42S02]: Base table or view not found: 1146 Table 'notice.user' doesn't exist. The SQL statement executed was: SHOW FULL COLUMNS FROM `user`.
in C:\xampp\htdocs\notice\protected\components\UserIdentity.php (7)
in C:\xampp\htdocs\notice\protected\models\User.php (22)
in C:\xampp\htdocs\notice\protected\controllers\SiteController.php (17)
2016/09/12 20:37:42 [error] [exception.CDbException] exception 'CDbException' with message 'The table "{{user}}" for active record class "User" cannot be found in the database.' in C:\xampp\htdocs\framework\db\ar\CActiveRecord.php:2387
Stack trace:
#0 C:\xampp\htdocs\framework\db\ar\CActiveRecord.php(411): CActiveRecordMetaData->__construct(Object(User))
#1 C:\xampp\htdocs\framework\db\ar\CActiveRecord.php(661): CActiveRecord->getMetaData()
#2 C:\xampp\htdocs\framework\db\ar\CActiveRecord.php(1523): CActiveRecord->getTableSchema()
#3 C:\xampp\htdocs\notice\protected\components\UserIdentity.php(7): CActiveRecord->findByAttributes(Array)
#4 C:\xampp\htdocs\notice\protected\models\User.php(22): UserIdentity->authenticate()
#5 C:\xampp\htdocs\notice\protected\controllers\SiteController.php(17): User::auth('admin', 'dkfadsf')
#6 C:\xampp\htdocs\framework\web\actions\CInlineAction.php(49): SiteController->actionLogin()
#7 C:\xampp\htdocs\framework\web\CController.php(308): CInlineAction->runWithParams(Array)
#8 C:\xampp\htdocs\framework\web\CController.php(286): CController->runAction(Object(CInlineAction))
#9 C:\xampp\htdocs\framework\web\CController.php(265): CController->runActionWithFilters(Object(CInlineAction), Array)
#10 C:\xampp\htdocs\framework\web\CWebApplication.php(282): CController->run('login')
#11 C:\xampp\htdocs\framework\web\CWebApplication.php(141): CWebApplication->runController('site/login')
#12 C:\xampp\htdocs\framework\base\CApplication.php(185): CWebApplication->processRequest()
#13 C:\xampp\htdocs\notice\index.php(13): CApplication->run()
#14 {main}
REQUEST_URI=/notice/index.php?r=site/login
HTTP_REFERER=http://localhost/notice/index.php?r=site/login
---
2016/09/12 20:38:51 [error] [exception.CDbException] exception 'CDbException' with message 'CDbConnection failed to open the DB connection: SQLSTATE[HY000] [1045] Access denied for user 'notice'@'localhost' (using password: YES)' in C:\xampp\htdocs\framework\db\CDbConnection.php:399
Stack trace:
#0 C:\xampp\htdocs\framework\db\CDbConnection.php(347): CDbConnection->open()
#1 C:\xampp\htdocs\framework\db\CDbConnection.php(325): CDbConnection->setActive(true)
#2 C:\xampp\htdocs\framework\base\CModule.php(394): CDbConnection->init()
#3 C:\xampp\htdocs\framework\base\CApplication.php(459): CModule->getComponent('db')
#4 C:\xampp\htdocs\framework\db\ar\CActiveRecord.php(637): CApplication->getDb()
#5 C:\xampp\htdocs\framework\db\ar\CActiveRecord.php(1433): CActiveRecord->getDbConnection()
#6 C:\xampp\htdocs\framework\db\ar\CActiveRecord.php(1522): CActiveRecord->getTableAlias(true)
#7 C:\xampp\htdocs\notice\protected\components\UserIdentity.php(7): CActiveRecord->findByAttributes(Array)
#8 C:\xampp\htdocs\notice\protected\models\User.php(22): UserIdentity->authenticate()
#9 C:\xampp\htdocs\notice\protected\controllers\SiteController.php(17): User::auth('admin', 'pasdf')
#10 C:\xampp\htdocs\framework\web\actions\CInlineAction.php(49): SiteController->actionLogin()
#11 C:\xampp\htdocs\framework\web\CController.php(308): CInlineAction->runWithParams(Array)
#12 C:\xampp\htdocs\framework\web\CController.php(286): CController->runAction(Object(CInlineAction))
#13 C:\xampp\htdocs\framework\web\CController.php(265): CController->runActionWithFilters(Object(CInlineAction), Array)
#14 C:\xampp\htdocs\framework\web\CWebApplication.php(282): CController->run('login')
#15 C:\xampp\htdocs\framework\web\CWebApplication.php(141): CWebApplication->runController('site/login')
#16 C:\xampp\htdocs\framework\base\CApplication.php(185): CWebApplication->processRequest()
#17 C:\xampp\htdocs\notice\index.php(13): CApplication->run()
#18 {main}
REQUEST_URI=/notice/index.php?r=site/login
HTTP_REFERER=http://localhost/notice/index.php?r=site/login
---
2016/09/12 20:39:42 [error] [exception.CDbException] exception 'CDbException' with message 'CDbConnection failed to open the DB connection: SQLSTATE[HY000] [2002] php_network_getaddresses: getaddrinfo failed: Этот хост неизвестен. ' in C:\xampp\htdocs\framework\db\CDbConnection.php:399
Stack trace:
#0 C:\xampp\htdocs\framework\db\CDbConnection.php(347): CDbConnection->open()
#1 C:\xampp\htdocs\framework\db\CDbConnection.php(325): CDbConnection->setActive(true)
#2 C:\xampp\htdocs\framework\base\CModule.php(394): CDbConnection->init()
#3 C:\xampp\htdocs\framework\base\CApplication.php(459): CModule->getComponent('db')
#4 C:\xampp\htdocs\framework\db\ar\CActiveRecord.php(637): CApplication->getDb()
#5 C:\xampp\htdocs\framework\db\ar\CActiveRecord.php(1433): CActiveRecord->getDbConnection()
#6 C:\xampp\htdocs\framework\db\ar\CActiveRecord.php(1522): CActiveRecord->getTableAlias(true)
#7 C:\xampp\htdocs\notice\protected\components\UserIdentity.php(7): CActiveRecord->findByAttributes(Array)
#8 C:\xampp\htdocs\notice\protected\models\User.php(22): UserIdentity->authenticate()
#9 C:\xampp\htdocs\notice\protected\controllers\SiteController.php(17): User::auth('admin', 'pasdf')
#10 C:\xampp\htdocs\framework\web\actions\CInlineAction.php(49): SiteController->actionLogin()
#11 C:\xampp\htdocs\framework\web\CController.php(308): CInlineAction->runWithParams(Array)
#12 C:\xampp\htdocs\framework\web\CController.php(286): CController->runAction(Object(CInlineAction))
#13 C:\xampp\htdocs\framework\web\CController.php(265): CController->runActionWithFilters(Object(CInlineAction), Array)
#14 C:\xampp\htdocs\framework\web\CWebApplication.php(282): CController->run('login')
#15 C:\xampp\htdocs\framework\web\CWebApplication.php(141): CWebApplication->runController('site/login')
#16 C:\xampp\htdocs\framework\base\CApplication.php(185): CWebApplication->processRequest()
#17 C:\xampp\htdocs\notice\index.php(13): CApplication->run()
#18 {main}
REQUEST_URI=/notice/index.php?r=site/login
HTTP_REFERER=http://localhost/notice/index.php?r=site/login
---
2016/09/12 20:40:09 [error] [exception.CDbException] exception 'CDbException' with message 'CDbConnection failed to open the DB connection: SQLSTATE[HY000] [1045] Access denied for user 'notice@localhost'@'localhost' (using password: YES)' in C:\xampp\htdocs\framework\db\CDbConnection.php:399
Stack trace:
#0 C:\xampp\htdocs\framework\db\CDbConnection.php(347): CDbConnection->open()
#1 C:\xampp\htdocs\framework\db\CDbConnection.php(325): CDbConnection->setActive(true)
#2 C:\xampp\htdocs\framework\base\CModule.php(394): CDbConnection->init()
#3 C:\xampp\htdocs\framework\base\CApplication.php(459): CModule->getComponent('db')
#4 C:\xampp\htdocs\framework\db\ar\CActiveRecord.php(637): CApplication->getDb()
#5 C:\xampp\htdocs\framework\db\ar\CActiveRecord.php(1433): CActiveRecord->getDbConnection()
#6 C:\xampp\htdocs\framework\db\ar\CActiveRecord.php(1522): CActiveRecord->getTableAlias(true)
#7 C:\xampp\htdocs\notice\protected\components\UserIdentity.php(7): CActiveRecord->findByAttributes(Array)
#8 C:\xampp\htdocs\notice\protected\models\User.php(22): UserIdentity->authenticate()
#9 C:\xampp\htdocs\notice\protected\controllers\SiteController.php(17): User::auth('admin', 'pasdf')
#10 C:\xampp\htdocs\framework\web\actions\CInlineAction.php(49): SiteController->actionLogin()
#11 C:\xampp\htdocs\framework\web\CController.php(308): CInlineAction->runWithParams(Array)
#12 C:\xampp\htdocs\framework\web\CController.php(286): CController->runAction(Object(CInlineAction))
#13 C:\xampp\htdocs\framework\web\CController.php(265): CController->runActionWithFilters(Object(CInlineAction), Array)
#14 C:\xampp\htdocs\framework\web\CWebApplication.php(282): CController->run('login')
#15 C:\xampp\htdocs\framework\web\CWebApplication.php(141): CWebApplication->runController('site/login')
#16 C:\xampp\htdocs\framework\base\CApplication.php(185): CWebApplication->processRequest()
#17 C:\xampp\htdocs\notice\index.php(13): CApplication->run()
#18 {main}
REQUEST_URI=/notice/index.php?r=site/login
HTTP_REFERER=http://localhost/notice/index.php?r=site/login
---
2016/09/12 20:40:31 [error] [exception.CDbException] exception 'CDbException' with message 'CDbConnection failed to open the DB connection: SQLSTATE[HY000] [1045] Access denied for user 'notice'@'localhost' (using password: YES)' in C:\xampp\htdocs\framework\db\CDbConnection.php:399
Stack trace:
#0 C:\xampp\htdocs\framework\db\CDbConnection.php(347): CDbConnection->open()
#1 C:\xampp\htdocs\framework\db\CDbConnection.php(325): CDbConnection->setActive(true)
#2 C:\xampp\htdocs\framework\base\CModule.php(394): CDbConnection->init()
#3 C:\xampp\htdocs\framework\base\CApplication.php(459): CModule->getComponent('db')
#4 C:\xampp\htdocs\framework\db\ar\CActiveRecord.php(637): CApplication->getDb()
#5 C:\xampp\htdocs\framework\db\ar\CActiveRecord.php(1433): CActiveRecord->getDbConnection()
#6 C:\xampp\htdocs\framework\db\ar\CActiveRecord.php(1522): CActiveRecord->getTableAlias(true)
#7 C:\xampp\htdocs\notice\protected\components\UserIdentity.php(7): CActiveRecord->findByAttributes(Array)
#8 C:\xampp\htdocs\notice\protected\models\User.php(22): UserIdentity->authenticate()
#9 C:\xampp\htdocs\notice\protected\controllers\SiteController.php(17): User::auth('admin', 'pasdf')
#10 C:\xampp\htdocs\framework\web\actions\CInlineAction.php(49): SiteController->actionLogin()
#11 C:\xampp\htdocs\framework\web\CController.php(308): CInlineAction->runWithParams(Array)
#12 C:\xampp\htdocs\framework\web\CController.php(286): CController->runAction(Object(CInlineAction))
#13 C:\xampp\htdocs\framework\web\CController.php(265): CController->runActionWithFilters(Object(CInlineAction), Array)
#14 C:\xampp\htdocs\framework\web\CWebApplication.php(282): CController->run('login')
#15 C:\xampp\htdocs\framework\web\CWebApplication.php(141): CWebApplication->runController('site/login')
#16 C:\xampp\htdocs\framework\base\CApplication.php(185): CWebApplication->processRequest()
#17 C:\xampp\htdocs\notice\index.php(13): CApplication->run()
#18 {main}
REQUEST_URI=/notice/index.php?r=site/login
HTTP_REFERER=http://localhost/notice/index.php?r=site/login
---
2016/09/12 20:41:12 [error] [exception.CDbException] exception 'CDbException' with message 'CDbConnection failed to open the DB connection: SQLSTATE[HY000] [1045] Access denied for user 'notice'@'localhost' (using password: YES)' in C:\xampp\htdocs\framework\db\CDbConnection.php:399
Stack trace:
#0 C:\xampp\htdocs\framework\db\CDbConnection.php(347): CDbConnection->open()
#1 C:\xampp\htdocs\framework\db\CDbConnection.php(325): CDbConnection->setActive(true)
#2 C:\xampp\htdocs\framework\base\CModule.php(394): CDbConnection->init()
#3 C:\xampp\htdocs\framework\base\CApplication.php(459): CModule->getComponent('db')
#4 C:\xampp\htdocs\framework\db\ar\CActiveRecord.php(637): CApplication->getDb()
#5 C:\xampp\htdocs\framework\db\ar\CActiveRecord.php(1433): CActiveRecord->getDbConnection()
#6 C:\xampp\htdocs\framework\db\ar\CActiveRecord.php(1522): CActiveRecord->getTableAlias(true)
#7 C:\xampp\htdocs\notice\protected\components\UserIdentity.php(7): CActiveRecord->findByAttributes(Array)
#8 C:\xampp\htdocs\notice\protected\models\User.php(22): UserIdentity->authenticate()
#9 C:\xampp\htdocs\notice\protected\controllers\SiteController.php(17): User::auth('admin', 'pasdf')
#10 C:\xampp\htdocs\framework\web\actions\CInlineAction.php(49): SiteController->actionLogin()
#11 C:\xampp\htdocs\framework\web\CController.php(308): CInlineAction->runWithParams(Array)
#12 C:\xampp\htdocs\framework\web\CController.php(286): CController->runAction(Object(CInlineAction))
#13 C:\xampp\htdocs\framework\web\CController.php(265): CController->runActionWithFilters(Object(CInlineAction), Array)
#14 C:\xampp\htdocs\framework\web\CWebApplication.php(282): CController->run('login')
#15 C:\xampp\htdocs\framework\web\CWebApplication.php(141): CWebApplication->runController('site/login')
#16 C:\xampp\htdocs\framework\base\CApplication.php(185): CWebApplication->processRequest()
#17 C:\xampp\htdocs\notice\index.php(13): CApplication->run()
#18 {main}
REQUEST_URI=/notice/index.php?r=site/login
HTTP_REFERER=http://localhost/notice/index.php?r=site/login
---
2016/09/12 20:42:03 [error] [exception.CDbException] exception 'CDbException' with message 'CDbConnection failed to open the DB connection: SQLSTATE[HY000] [1045] Access denied for user 'notice'@'localhost' (using password: YES)' in C:\xampp\htdocs\framework\db\CDbConnection.php:399
Stack trace:
#0 C:\xampp\htdocs\framework\db\CDbConnection.php(347): CDbConnection->open()
#1 C:\xampp\htdocs\framework\db\CDbConnection.php(325): CDbConnection->setActive(true)
#2 C:\xampp\htdocs\framework\base\CModule.php(394): CDbConnection->init()
#3 C:\xampp\htdocs\framework\base\CApplication.php(459): CModule->getComponent('db')
#4 C:\xampp\htdocs\framework\db\ar\CActiveRecord.php(637): CApplication->getDb()
#5 C:\xampp\htdocs\framework\db\ar\CActiveRecord.php(1433): CActiveRecord->getDbConnection()
#6 C:\xampp\htdocs\framework\db\ar\CActiveRecord.php(1522): CActiveRecord->getTableAlias(true)
#7 C:\xampp\htdocs\notice\protected\components\UserIdentity.php(7): CActiveRecord->findByAttributes(Array)
#8 C:\xampp\htdocs\notice\protected\models\User.php(22): UserIdentity->authenticate()
#9 C:\xampp\htdocs\notice\protected\controllers\SiteController.php(17): User::auth('admin', 'pasdf')
#10 C:\xampp\htdocs\framework\web\actions\CInlineAction.php(49): SiteController->actionLogin()
#11 C:\xampp\htdocs\framework\web\CController.php(308): CInlineAction->runWithParams(Array)
#12 C:\xampp\htdocs\framework\web\CController.php(286): CController->runAction(Object(CInlineAction))
#13 C:\xampp\htdocs\framework\web\CController.php(265): CController->runActionWithFilters(Object(CInlineAction), Array)
#14 C:\xampp\htdocs\framework\web\CWebApplication.php(282): CController->run('login')
#15 C:\xampp\htdocs\framework\web\CWebApplication.php(141): CWebApplication->runController('site/login')
#16 C:\xampp\htdocs\framework\base\CApplication.php(185): CWebApplication->processRequest()
#17 C:\xampp\htdocs\notice\index.php(13): CApplication->run()
#18 {main}
REQUEST_URI=/notice/index.php?r=site/login
HTTP_REFERER=http://localhost/notice/index.php?r=site/login
---
2016/09/12 20:42:32 [error] [system.db.CDbCommand] CDbCommand::fetchAll() failed: SQLSTATE[42S02]: Base table or view not found: 1146 Table 'notice.user' doesn't exist. The SQL statement executed was: SHOW FULL COLUMNS FROM `user`.
in C:\xampp\htdocs\notice\protected\components\UserIdentity.php (7)
in C:\xampp\htdocs\notice\protected\models\User.php (22)
in C:\xampp\htdocs\notice\protected\controllers\SiteController.php (17)
2016/09/12 20:42:32 [error] [exception.CDbException] exception 'CDbException' with message 'The table "{{user}}" for active record class "User" cannot be found in the database.' in C:\xampp\htdocs\framework\db\ar\CActiveRecord.php:2387
Stack trace:
#0 C:\xampp\htdocs\framework\db\ar\CActiveRecord.php(411): CActiveRecordMetaData->__construct(Object(User))
#1 C:\xampp\htdocs\framework\db\ar\CActiveRecord.php(661): CActiveRecord->getMetaData()
#2 C:\xampp\htdocs\framework\db\ar\CActiveRecord.php(1523): CActiveRecord->getTableSchema()
#3 C:\xampp\htdocs\notice\protected\components\UserIdentity.php(7): CActiveRecord->findByAttributes(Array)
#4 C:\xampp\htdocs\notice\protected\models\User.php(22): UserIdentity->authenticate()
#5 C:\xampp\htdocs\notice\protected\controllers\SiteController.php(17): User::auth('admin', 'pasdf')
#6 C:\xampp\htdocs\framework\web\actions\CInlineAction.php(49): SiteController->actionLogin()
#7 C:\xampp\htdocs\framework\web\CController.php(308): CInlineAction->runWithParams(Array)
#8 C:\xampp\htdocs\framework\web\CController.php(286): CController->runAction(Object(CInlineAction))
#9 C:\xampp\htdocs\framework\web\CController.php(265): CController->runActionWithFilters(Object(CInlineAction), Array)
#10 C:\xampp\htdocs\framework\web\CWebApplication.php(282): CController->run('login')
#11 C:\xampp\htdocs\framework\web\CWebApplication.php(141): CWebApplication->runController('site/login')
#12 C:\xampp\htdocs\framework\base\CApplication.php(185): CWebApplication->processRequest()
#13 C:\xampp\htdocs\notice\index.php(13): CApplication->run()
#14 {main}
REQUEST_URI=/notice/index.php?r=site/login
HTTP_REFERER=http://localhost/notice/index.php?r=site/login
---
